  main.cpp
D:\Code\计算机图形学\RayTracing\main.cpp(21,36): warning C4244: “初始化”: 从“double”转换到“int”，可能丢失数据
D:\Code\计算机图形学\RayTracing\main.cpp(53,49): warning C4244: “=”: 从“double”转换到“_Ty”，可能丢失数据
          with
          [
              _Ty=unsigned char
          ]
D:\Code\计算机图形学\RayTracing\main.cpp(54,49): warning C4244: “=”: 从“double”转换到“_Ty”，可能丢失数据
          with
          [
              _Ty=unsigned char
          ]
D:\Code\计算机图形学\RayTracing\main.cpp(55,49): warning C4244: “=”: 从“double”转换到“_Ty”，可能丢失数据
          with
          [
              _Ty=unsigned char
          ]
D:\Code\计算机图形学\RayTracing\main.cpp(76,63): warning C4244: “=”: 从“double”转换到“_Ty”，可能丢失数据
          with
          [
              _Ty=unsigned char
          ]
D:\Code\计算机图形学\RayTracing\main.cpp(77,63): warning C4244: “=”: 从“double”转换到“_Ty”，可能丢失数据
          with
          [
              _Ty=unsigned char
          ]
D:\Code\计算机图形学\RayTracing\main.cpp(78,63): warning C4244: “=”: 从“double”转换到“_Ty”，可能丢失数据
          with
          [
              _Ty=unsigned char
          ]
D:\Code\计算机图形学\RayTracing\main.cpp(114,10): warning C4244: “初始化”: 从“float”转换到“int”，可能丢失数据
  RayTracing.vcxproj -> D:\Code\计算机图形学\RayTracing\Debug\RayTracing.exe
