  main.cpp
D:\Code\计算机图形学\RayTracing\main.cpp(24,36): warning C4244: “初始化”: 从“double”转换到“int”，可能丢失数据
D:\Code\计算机图形学\RayTracing\main.cpp(68,49): warning C4244: “=”: 从“double”转换到“_Ty”，可能丢失数据
          with
          [
              _Ty=unsigned char
          ]
D:\Code\计算机图形学\RayTracing\main.cpp(69,49): warning C4244: “=”: 从“double”转换到“_Ty”，可能丢失数据
          with
          [
              _Ty=unsigned char
          ]
D:\Code\计算机图形学\RayTracing\main.cpp(70,49): warning C4244: “=”: 从“double”转换到“_Ty”，可能丢失数据
          with
          [
              _Ty=unsigned char
          ]
D:\Code\计算机图形学\RayTracing\main.cpp(91,63): warning C4244: “=”: 从“double”转换到“_Ty”，可能丢失数据
          with
          [
              _Ty=unsigned char
          ]
D:\Code\计算机图形学\RayTracing\main.cpp(92,63): warning C4244: “=”: 从“double”转换到“_Ty”，可能丢失数据
          with
          [
              _Ty=unsigned char
          ]
D:\Code\计算机图形学\RayTracing\main.cpp(93,63): warning C4244: “=”: 从“double”转换到“_Ty”，可能丢失数据
          with
          [
              _Ty=unsigned char
          ]
D:\Code\计算机图形学\RayTracing\main.cpp(141,10): warning C4244: “初始化”: 从“float”转换到“int”，可能丢失数据
C:\Program Files (x86)\Microsoft Visual Studio\2019\Community\VC\Tools\MSVC\14.28.29333\include\xmemory(230,33): warning C4244: “参数”: 从“_Ty”转换到“float”，可能丢失数据
          with
          [
              _Ty=double
          ]
C:\Program Files (x86)\Microsoft Visual Studio\2019\Community\VC\Tools\MSVC\14.28.29333\include\memory(1563): message : 查看对正在编译的函数 模板 实例化“void std::_Construct_in_place<_Ty,Vec3,double>(_Ty &,Vec3 &&,double &&) noexcept(false)”的引用
          with
          [
              _Ty=Metal
          ]
C:\Program Files (x86)\Microsoft Visual Studio\2019\Community\VC\Tools\MSVC\14.28.29333\include\memory(2207): message : 查看对正在编译的函数 模板 实例化“std::_Ref_count_obj2<_Ty>::_Ref_count_obj2<Vec3,double>(Vec3 &&,double &&)”的引用
          with
          [
              _Ty=Metal
          ]
C:\Program Files (x86)\Microsoft Visual Studio\2019\Community\VC\Tools\MSVC\14.28.29333\include\memory(2208): message : 查看对正在编译的函数 模板 实例化“std::_Ref_count_obj2<_Ty>::_Ref_count_obj2<Vec3,double>(Vec3 &&,double &&)”的引用
          with
          [
              _Ty=Metal
          ]
D:\Code\计算机图形学\RayTracing\main.cpp(37): message : 查看对正在编译的函数 模板 实例化“std::shared_ptr<Metal> std::make_shared<Metal,Color,double>(Color &&,double &&)”的引用
  正在生成代码
  1 of 284 functions ( 0.4%) were compiled, the rest were copied from previous compilation.
    0 functions were new in current compilation
    1 functions had inline decision re-evaluated but remain unchanged
  已完成代码的生成
  RayTracing.vcxproj -> D:\Code\计算机图形学\RayTracing\Release\RayTracing.exe
